<?xml version="1.0" encoding="UTF-8"?>
<!-- Generated by org.testng.reporters.JUnitReportReporter -->
<testsuite skipped="0" hostname="DESKTOP-K8C90VV" name="base_package.Base" tests="1" failures="0" timestamp="23 Dec 2020 07:10:27 GMT" time="5.085" errors="0">
  <testcase name="intializeDriver" time="5.085" classname="base_package.Base"/>
</testsuite> <!-- base_package.Base -->
