<?xml version="1.0" encoding="UTF-8"?>
<!-- Generated by org.testng.reporters.JUnitReportReporter -->
<testsuite skipped="0" hostname="DESKTOP-K8C90VV" name="tests.PostRequest" tests="1" failures="0" timestamp="23 Dec 2020 13:00:56 GMT" time="2.694" errors="0">
  <testcase name="postRequest" time="2.694" classname="tests.PostRequest"/>
</testsuite> <!-- tests.PostRequest -->
